{
  "stats": {
    "suites": 1,
    "tests": 1,
    "passes": 1,
    "pending": 0,
    "failures": 0,
    "start": "2025-01-17T19:39:26.832Z",
    "end": "2025-01-17T19:39:38.741Z",
    "duration": 11909,
    "testsRegistered": 1,
    "passPercent": 100,
    "pendingPercent": 0,
    "other": 0,
    "hasOther": false,
    "skipped": 0,
    "hasSkipped": false
  },
  "results": [
    {
      "uuid": "026989a1-217b-442f-aa77-178bba2f58b5",
      "title": "",
      "fullFile": "cypress\\integration\\examples\\Test1.js",
      "file": "cypress\\integration\\examples\\Test1.js",
      "beforeHooks": [],
      "afterHooks": [],
      "tests": [],
      "suites": [
        {
          "uuid": "a5e52a13-0907-421c-bd88-dcc6c5dc2804",
          "title": "My First Test",
          "fullFile": "",
          "file": "",
          "beforeHooks": [],
          "afterHooks": [],
          "tests": [
            {
              "title": "My FirstTest Case",
              "fullTitle": "My First Test My FirstTest Case",
              "timedOut": null,
              "duration": 7635,
              "state": "passed",
              "speed": "medium",
              "pass": true,
              "fail": false,
              "pending": false,
              "context": "{\n  \"title\": \"cypress-mochawesome-reporter-videos-passed\",\n  \"value\": \"cypress\\\\integration\\\\examples\\\\Test1.js\"\n}",
              "code": "cy.visit('https://rahulshettyacademy.com/seleniumPractise/#/');\ncy.get('.search-keyword').type('ca');\ncy.wait(2000);\ncy.get('.product').should('have.length', 5);\ncy.get('.product:visible').should('have.length', 4);\ncy.get('.products').as('productLocator');\ncy.get('@productLocator').find('.product').should('have.length', 4);\ncy.get('@productLocator').find('.product').eq(1).contains('ADD TO CART').click().then(function () {\n  console.log('sf');\n});\n//Parent child chaining\ncy.get('@productLocator').find('.product').each(($el, index, $list) => {\n  const textVeg = $el.find('h4.product-name').text();\n  if (textVeg.includes('Cashews')) {\n    cy.wrap($el).find('button').click();\n  }\n});\n// assert if logo text is correctly displayed\ncy.get('.brand').should('have.text', 'GREENKART');\n// handling log with 'then'\ncy.get('.brand').then(function (logoelement) {\n  cy.log(logoelement.text());\n});",
              "err": {},
              "uuid": "031d544b-eaeb-4cd2-8289-6f96ce426923",
              "parentUUID": "a5e52a13-0907-421c-bd88-dcc6c5dc2804",
              "isHook": false,
              "skipped": false
            }
          ],
          "suites": [],
          "passes": [
            "031d544b-eaeb-4cd2-8289-6f96ce426923"
          ],
          "failures": [],
          "pending": [],
          "skipped": [],
          "duration": 7635,
          "root": false,
          "rootEmpty": false,
          "_timeout": 2000
        }
      ],
      "passes": [],
      "failures": [],
      "pending": [],
      "skipped": [],
      "duration": 0,
      "root": true,
      "rootEmpty": true,
      "_timeout": 2000
    }
  ],
  "meta": {
    "mocha": {
      "version": "7.0.1"
    },
    "mochawesome": {
      "options": {
        "quiet": false,
        "reportFilename": "mochawesome",
        "saveHtml": false,
        "saveJson": true,
        "consoleReporter": "spec",
        "useInlineDiffs": false,
        "code": true
      },
      "version": "7.1.3"
    },
    "marge": {
      "options": {
        "overwrite": false,
        "html": false,
        "json": true,
        "reportDir": "cypress\\reports\\html\\.jsons"
      },
      "version": "6.2.0"
    }
  }
}