{
  "stats": {
    "suites": 1,
    "tests": 1,
    "passes": 1,
    "pending": 0,
    "failures": 0,
    "start": "2025-01-17T19:39:41.869Z",
    "end": "2025-01-17T19:39:47.970Z",
    "duration": 6101,
    "testsRegistered": 1,
    "passPercent": 100,
    "pendingPercent": 0,
    "other": 0,
    "hasOther": false,
    "skipped": 0,
    "hasSkipped": false
  },
  "results": [
    {
      "uuid": "8a751c77-ed82-4e3a-ac75-10d4942ec9da",
      "title": "",
      "fullFile": "cypress\\integration\\examples\\Test10.js",
      "file": "cypress\\integration\\examples\\Test10.js",
      "beforeHooks": [],
      "afterHooks": [],
      "tests": [],
      "suites": [
        {
          "uuid": "7299efab-89e0-4076-a00c-2844f371fa24",
          "title": "Handling Date Picker",
          "fullFile": "",
          "file": "",
          "beforeHooks": [],
          "afterHooks": [],
          "tests": [
            {
              "title": "Should Date Picker",
              "fullTitle": "Handling Date Picker Should Date Picker",
              "timedOut": null,
              "duration": 2743,
              "state": "passed",
              "speed": "fast",
              "pass": true,
              "fail": false,
              "pending": false,
              "context": "{\n  \"title\": \"cypress-mochawesome-reporter-videos-passed\",\n  \"value\": \"cypress\\\\integration\\\\examples\\\\Test10.js\"\n}",
              "code": "const monthNumber = \"6\";\nconst date = \"15\";\nconst year = \"2027\";\nconst expectedList = [monthNumber, date, year];\ncy.visit('https://rahulshettyacademy.com/seleniumPractise/#/offers');\ncy.get('.react-date-picker__inputGroup').click();\ncy.get('.react-calendar__navigation__label').click();\ncy.get('.react-calendar__navigation__label').click();\ncy.contains('button', year).click();\ncy.get('.react-calendar__year-view__months__month').eq(Number(monthNumber) - 1).click();\ncy.contains('abbr', date).click();\n// Assertion\ncy.get('.react-date-picker__inputGroup__input').each(($el, index) => {\n  cy.wrap($el).invoke('val').should('eq', expectedList[index]);\n});",
              "err": {},
              "uuid": "9d71cf3a-e5d8-4c39-9f56-34b184e73ef4",
              "parentUUID": "7299efab-89e0-4076-a00c-2844f371fa24",
              "isHook": false,
              "skipped": false
            }
          ],
          "suites": [],
          "passes": [
            "9d71cf3a-e5d8-4c39-9f56-34b184e73ef4"
          ],
          "failures": [],
          "pending": [],
          "skipped": [],
          "duration": 2743,
          "root": false,
          "rootEmpty": false,
          "_timeout": 2000
        }
      ],
      "passes": [],
      "failures": [],
      "pending": [],
      "skipped": [],
      "duration": 0,
      "root": true,
      "rootEmpty": true,
      "_timeout": 2000
    }
  ],
  "meta": {
    "mocha": {
      "version": "7.0.1"
    },
    "mochawesome": {
      "options": {
        "quiet": false,
        "reportFilename": "mochawesome",
        "saveHtml": false,
        "saveJson": true,
        "consoleReporter": "spec",
        "useInlineDiffs": false,
        "code": true
      },
      "version": "7.1.3"
    },
    "marge": {
      "options": {
        "overwrite": false,
        "html": false,
        "json": true,
        "reportDir": "cypress\\reports\\html\\.jsons"
      },
      "version": "6.2.0"
    }
  }
}